
13_Reasons_Why.html
24.html
Breaking_Bad.html
Castle.html
Criminal_Minds.html
Daredevil.html
Everybody_Hates_Chris.html
Forever.html
Friends.html
Gossip_Girl.html
Jessica_Jones.html
Lucifer.html
Narcos.html
Once_Upon_a_Time_.html
Outlander.html
Prison_Break.html
Scorpion.html
Sons of Anarchy.html
Stranger_Things.html
Suits.html
Teen Wolf.html
The 100.html
The Flash.html
The_Originals.html
The_Vampire_Diaries.html
True Detective.html
Vikings.html
Westworld.html
White Collar.html

I American_Horror_Story.html
I Anne.html
I Breaking_Bad.html
I Blindspot.html
I Orphan_Black.html
I Os_Simpsons.html
I The_4400.html
I Gotham.html






REMOCAO
I Grimm.html
I Black_Mirror.html
I Supernatural.html
I Doctor_Who.html
I The_Big_Bang_Theory.html
I Sense8.html
I Smallville.html
I Arrow.html